<?xml version="1.0" encoding="UTF-8"?>
<!-- Generated by org.testng.reporters.JUnitXMLReporter -->
<testsuite ignored="0" hostname="LAPTOP-GVCH4BHT" failures="0" tests="2" name="Test-2" time="0.015" errors="0" timestamp="2023-03-07T07:59:53 IST">
  <testcase classname="com.testng.learning.BeforeTestAfterTestExample" name="testCase1" time="0.002"/>
  <testcase classname="com.testng.learning.BeforeTestAfterTestExample" name="testCase2" time="0.001"/>
</testsuite> <!-- Test-2 -->
