<?xml version="1.0" encoding="UTF-8"?>
<!-- Generated by org.testng.reporters.JUnitReportReporter -->
<testsuite hostname="LAPTOP-GVCH4BHT" failures="0" tests="6" name="com.testng.learning.EnabledExample" time="0.005" errors="0" timestamp="2023-03-09T07:26:34 IST" skipped="1">
  <testcase classname="com.testng.learning.EnabledExample" name="testCase4" time="0.001"/>
  <system-out/>
  <testcase classname="com.testng.learning.EnabledExample" name="testCase6" time="0.001"/>
  <system-out/>
  <testcase classname="com.testng.learning.EnabledExample" name="testCase2" time="0.001"/>
  <system-out/>
  <testcase classname="com.testng.learning.EnabledExample" name="testCase1" time="0.001"/>
  <system-out/>
  <testcase classname="com.testng.learning.EnabledExample" name="testCase5" time="0.001"/>
  <system-out/>
  <testcase classname="com.testng.learning.EnabledExample" name="testCase3">
    <skipped/>
  </testcase> <!-- testCase3 -->
  <system-out/>
</testsuite> <!-- com.testng.learning.EnabledExample -->
