<?xml version="1.0" encoding="UTF-8"?>
<!-- Generated by org.testng.reporters.JUnitReportReporter -->
<testsuite hostname="LAPTOP-GVCH4BHT" failures="0" tests="2" name="com.testng.learning.BeforeMethodAfterMethodExample" time="29.385" errors="0" timestamp="2023-03-09T07:26:34 IST" skipped="0">
  <testcase classname="com.testng.learning.BeforeMethodAfterMethodExample" name="testCase2" time="17.785"/>
  <system-out/>
  <testcase classname="com.testng.learning.BeforeMethodAfterMethodExample" name="testCase1" time="11.600"/>
  <system-out/>
</testsuite> <!-- com.testng.learning.BeforeMethodAfterMethodExample -->
