<?xml version="1.0" encoding="UTF-8"?>
<!-- Generated by org.testng.reporters.JUnitReportReporter -->
<testsuite hostname="LAPTOP-GVCH4BHT" failures="0" tests="2" name="com.testng.learning.DependsOnMethodsExample" time="5.010" errors="0" timestamp="2023-03-09T07:26:34 IST" skipped="0">
  <testcase classname="com.testng.learning.DependsOnMethodsExample" name="testCase2" time="0.002"/>
  <system-out/>
  <testcase classname="com.testng.learning.DependsOnMethodsExample" name="testCase1" time="5.008"/>
  <system-out/>
</testsuite> <!-- com.testng.learning.DependsOnMethodsExample -->
