<?xml version="1.0" encoding="UTF-8"?>
<!-- Generated by org.testng.reporters.JUnitReportReporter -->
<testsuite hostname="LAPTOP-GVCH4BHT" failures="0" tests="5" name="com.testng.learning.TestCasesWithZeroAsPriorityExample" time="0.006" errors="0" timestamp="2023-03-09T07:26:34 IST" skipped="0">
  <testcase classname="com.testng.learning.TestCasesWithZeroAsPriorityExample" name="testCase_e" time="0.002"/>
  <system-out/>
  <testcase classname="com.testng.learning.TestCasesWithZeroAsPriorityExample" name="testCase_b" time="0.002"/>
  <system-out/>
  <testcase classname="com.testng.learning.TestCasesWithZeroAsPriorityExample" name="testCase_d" time="0.000"/>
  <system-out/>
  <testcase classname="com.testng.learning.TestCasesWithZeroAsPriorityExample" name="testCase_a" time="0.001"/>
  <system-out/>
  <testcase classname="com.testng.learning.TestCasesWithZeroAsPriorityExample" name="testCase_c" time="0.001"/>
  <system-out/>
</testsuite> <!-- com.testng.learning.TestCasesWithZeroAsPriorityExample -->
