<?xml version="1.0" encoding="UTF-8"?>
<!-- Generated by org.testng.reporters.JUnitReportReporter -->
<testsuite hostname="LAPTOP-GVCH4BHT" failures="0" tests="10" name="com.testng.learning.GroupsExample" time="0.009" errors="0" timestamp="2023-03-09T07:26:34 IST" skipped="0">
  <testcase classname="com.testng.learning.GroupsExample" name="testCase9" time="0.002"/>
  <system-out/>
  <testcase classname="com.testng.learning.GroupsExample" name="testCase4" time="0.002"/>
  <system-out/>
  <testcase classname="com.testng.learning.GroupsExample" name="testCase10" time="0.001"/>
  <system-out/>
  <testcase classname="com.testng.learning.GroupsExample" name="testCase3" time="0.000"/>
  <system-out/>
  <testcase classname="com.testng.learning.GroupsExample" name="testCase6" time="0.001"/>
  <system-out/>
  <testcase classname="com.testng.learning.GroupsExample" name="testCase7" time="0.001"/>
  <system-out/>
  <testcase classname="com.testng.learning.GroupsExample" name="testCase5" time="0.000"/>
  <system-out/>
  <testcase classname="com.testng.learning.GroupsExample" name="testCase8" time="0.000"/>
  <system-out/>
  <testcase classname="com.testng.learning.GroupsExample" name="testCase1" time="0.001"/>
  <system-out/>
  <testcase classname="com.testng.learning.GroupsExample" name="testCase2" time="0.001"/>
  <system-out/>
</testsuite> <!-- com.testng.learning.GroupsExample -->
