<?xml version="1.0" encoding="UTF-8"?>
<!-- Generated by org.testng.reporters.JUnitReportReporter -->
<testsuite hostname="LAPTOP-GVCH4BHT" failures="0" tests="1" name="com.testng.learning.ParameterizationExample" time="0.010" errors="0" timestamp="2023-03-07T08:53:28 IST" skipped="0">
  <testcase classname="com.testng.learning.ParameterizationExample" name="testCase1" time="0.010"/>
  <system-out/>
</testsuite> <!-- com.testng.learning.ParameterizationExample -->
