<?xml version="1.0" encoding="UTF-8"?>
<!-- Generated by org.testng.reporters.JUnitReportReporter -->
<testsuite hostname="LAPTOP-GVCH4BHT" failures="0" tests="6" name="com.testng.readdatafromexcel.TestExample" time="0.020" errors="0" timestamp="2023-03-08T08:49:54 IST" skipped="0">
  <testcase classname="com.testng.readdatafromexcel.TestExample" name="test3" time="0.001"/>
  <system-out/>
  <testcase classname="com.testng.readdatafromexcel.TestExample" name="test6" time="0.001"/>
  <system-out/>
  <testcase classname="com.testng.readdatafromexcel.TestExample" name="test1" time="0.011"/>
  <system-out/>
  <testcase classname="com.testng.readdatafromexcel.TestExample" name="test2" time="0.002"/>
  <system-out/>
  <testcase classname="com.testng.readdatafromexcel.TestExample" name="test4" time="0.002"/>
  <system-out/>
  <testcase classname="com.testng.readdatafromexcel.TestExample" name="test5" time="0.003"/>
  <system-out/>
</testsuite> <!-- com.testng.readdatafromexcel.TestExample -->
