<?xml version="1.0" encoding="UTF-8"?>
<!-- Generated by org.testng.reporters.JUnitReportReporter -->
<testsuite hostname="LAPTOP-GVCH4BHT" failures="0" tests="4" name="com.testng.learning.SimpleTestCaseExample" time="0.020" errors="0" timestamp="2023-03-07T07:26:38 IST" skipped="0">
  <testcase classname="com.testng.learning.SimpleTestCaseExample" name="testCase4" time="0.002"/>
  <system-out/>
  <testcase classname="com.testng.learning.SimpleTestCaseExample" name="testCase1" time="0.013"/>
  <system-out/>
  <testcase classname="com.testng.learning.SimpleTestCaseExample" name="testCase3" time="0.003"/>
  <system-out/>
  <testcase classname="com.testng.learning.SimpleTestCaseExample" name="testCase5" time="0.002"/>
  <system-out/>
</testsuite> <!-- com.testng.learning.SimpleTestCaseExample -->
