<?xml version="1.0" encoding="UTF-8"?>
<!-- Generated by org.testng.reporters.JUnitReportReporter -->
<testsuite hostname="LAPTOP-GVCH4BHT" failures="0" tests="7" name="com.testng.learning.InvocationCountExample" time="0.012" errors="0" timestamp="2023-03-09T07:26:34 IST" skipped="0">
  <testcase classname="com.testng.learning.InvocationCountExample" name="testCase3" time="0.001"/>
  <system-out/>
  <testcase classname="com.testng.learning.InvocationCountExample" name="testCase4" time="0.002"/>
  <system-out/>
  <testcase classname="com.testng.learning.InvocationCountExample" name="testCase1" time="0.003"/>
  <system-out/>
  <testcase classname="com.testng.learning.InvocationCountExample" name="testCase2" time="0.001"/>
  <system-out/>
  <testcase classname="com.testng.learning.InvocationCountExample" name="testCase2" time="0.001"/>
  <system-out/>
  <testcase classname="com.testng.learning.InvocationCountExample" name="testCase1" time="0.003"/>
  <system-out/>
  <testcase classname="com.testng.learning.InvocationCountExample" name="testCase1" time="0.001"/>
  <system-out/>
</testsuite> <!-- com.testng.learning.InvocationCountExample -->
