<?xml version="1.0" encoding="UTF-8"?>
<!-- Generated by org.testng.reporters.JUnitReportReporter -->
<testsuite hostname="LAPTOP-GVCH4BHT" failures="0" tests="1" name="com.testng.learning.CrossBrowserTestingExample" time="15.830" errors="0" timestamp="2023-03-09T07:26:34 IST" skipped="0">
  <testcase classname="com.testng.learning.CrossBrowserTestingExample" name="testCase1" time="15.830"/>
  <system-out/>
</testsuite> <!-- com.testng.learning.CrossBrowserTestingExample -->
