<?xml version="1.0" encoding="UTF-8"?>
<!-- Generated by org.testng.reporters.JUnitReportReporter -->
<testsuite hostname="LAPTOP-GVCH4BHT" failures="0" tests="1" name="com.testng.readdatafromexcel.ReadingDataFromExcelExample" time="2.756" errors="0" timestamp="2023-03-08T08:45:56 IST" skipped="0">
  <testcase classname="com.testng.readdatafromexcel.ReadingDataFromExcelExample" name="testCase1" time="2.756"/>
  <system-out/>
</testsuite> <!-- com.testng.readdatafromexcel.ReadingDataFromExcelExample -->
