<?xml version="1.0" encoding="UTF-8"?>
<!-- Generated by org.testng.reporters.JUnitReportReporter -->
<testsuite hostname="LAPTOP-GVCH4BHT" failures="0" tests="4" name="com.testng.learning.DataProvidersExample" time="0.006" errors="0" timestamp="2023-03-09T07:26:34 IST" skipped="0">
  <testcase classname="com.testng.learning.DataProvidersExample" name="testCase1" time="0.002"/>
  <system-out/>
  <testcase classname="com.testng.learning.DataProvidersExample" name="testCase1" time="0.001"/>
  <system-out/>
  <testcase classname="com.testng.learning.DataProvidersExample" name="testCase1" time="0.001"/>
  <system-out/>
  <testcase classname="com.testng.learning.DataProvidersExample" name="testCase1" time="0.002"/>
  <system-out/>
</testsuite> <!-- com.testng.learning.DataProvidersExample -->
